<?xml version="1.0" encoding="UTF-8"?>
<!-- Generated by org.testng.reporters.JUnitXMLReporter -->
<testsuite ignored="0" hostname="DESKTOP-9HBQEP9" failures="0" tests="3" name="Test-1" time="73.642" errors="0" timestamp="2024-05-14T13:09:10 IST">
  <testcase classname="com.camcast.crm.orgtest.CreateOrganizationTest" name="CreateOrganizationTest" time="16.796"/>
  <testcase classname="com.camcast.crm.orgtest.CreateOrganizationTest" name="CreateOrganizationTest1" time="14.656"/>
  <testcase classname="com.camcast.crm.orgtest.CreateOrganizationTest" name="CreateOrganizationTest2" time="11.241"/>
</testsuite> <!-- Test-1 -->
