<?xml version="1.0" encoding="UTF-8"?>
<!-- Generated by org.testng.reporters.JUnitXMLReporter -->
<testsuite ignored="0" hostname="DESKTOP-9HBQEP9" failures="0" tests="2" name="Test-2" time="62.545" errors="0" timestamp="2024-05-14T13:08:59 IST">
  <testcase classname="com.camcast.crm.contacttest.CContactTest" name="cContactTest" time="15.421"/>
  <testcase classname="com.camcast.crm.contacttest.CContactTest" name="createContactWithSupportDateTest" time="18.148"/>
</testsuite> <!-- Test-2 -->
