<?xml version="1.0" encoding="UTF-8"?>
<!-- Generated by org.testng.reporters.JUnitReportReporter -->
<testsuite hostname="DESKTOP-9HBQEP9" failures="0" tests="1" name="com.camcast.crm.orgtest.CreateOrganizationTest1" time="24.437" errors="0" timestamp="2024-05-13T17:09:21 IST" skipped="0">
  <testcase classname="com.camcast.crm.orgtest.CreateOrganizationTest1" name="CreateOrganizationTest1" time="24.437"/>
  <system-out/>
</testsuite> <!-- com.camcast.crm.orgtest.CreateOrganizationTest1 -->
