<?xml version="1.0" encoding="UTF-8"?>
<!-- Generated by org.testng.reporters.JUnitReportReporter -->
<testsuite hostname="DESKTOP-9HBQEP9" failures="0" tests="1" name="com.camcast.crm.contacttest.DemoTest" time="0.017" errors="0" timestamp="2024-05-11T14:52:56 IST" skipped="0">
  <testcase classname="com.camcast.crm.contacttest.DemoTest" name="d" time="0.017"/>
  <system-out/>
</testsuite> <!-- com.camcast.crm.contacttest.DemoTest -->
