<?xml version="1.0" encoding="UTF-8"?>
<!-- Generated by org.testng.reporters.JUnitReportReporter -->
<testsuite hostname="DESKTOP-9HBQEP9" failures="0" tests="1" name="com.camcast.crm.contacttest.CContactTest" time="26.134" errors="0" timestamp="2024-05-15T17:27:50 IST" skipped="0">
  <testcase classname="com.camcast.crm.contacttest.CContactTest" name="createContactWithSupportDateTest" time="26.134"/>
  <system-out/>
</testsuite> <!-- com.camcast.crm.contacttest.CContactTest -->
