<?xml version="1.0" encoding="UTF-8"?>
<!-- Generated by org.testng.reporters.JUnitReportReporter -->
<testsuite hostname="DESKTOP-9HBQEP9" failures="0" tests="1" name="com.camcast.crm.contacttest.CreateContactTest" time="66.790" errors="0" timestamp="2024-05-13T09:33:55 IST" skipped="0">
  <testcase classname="com.camcast.crm.contacttest.CreateContactTest" name="createContactTest" time="66.790"/>
  <system-out/>
</testsuite> <!-- com.camcast.crm.contacttest.CreateContactTest -->
