<?xml version="1.0" encoding="UTF-8"?>
<!-- Generated by org.testng.reporters.JUnitReportReporter -->
<testsuite hostname="DESKTOP-9HBQEP9" failures="0" tests="1" name="com.camcast.crm.orgtest.CreateOrganizationTest" time="20.947" errors="0" timestamp="2024-05-21T17:09:05 IST" skipped="0">
  <testcase classname="com.camcast.crm.orgtest.CreateOrganizationTest" name="CreateOrganizationTest" time="20.947"/>
  <system-out/>
</testsuite> <!-- com.camcast.crm.orgtest.CreateOrganizationTest -->
